// Startup

2019-05-24 17:58:14.013: MainView.awakeFromNib()
2019-05-24 17:58:14.017: AppDelegate.application(didFinishLaunchingWithOptions: nil)
2019-05-24 17:58:14.021: Index.init()
2019-05-24 17:58:14.022: Cursor.init()
2019-05-24 17:58:14.022: PhotoModel.init()
2019-05-24 17:58:14.023: Photo.init(coder: <NSKeyedUnarchiver: 0x61c00010b6d0>)
2019-05-24 17:58:14.023: Photo.init(coder: <NSKeyedUnarchiver: 0x61c00010b6d0>)
2019-05-24 17:58:14.024: Photo.init(coder: <NSKeyedUnarchiver: 0x61c00010b6d0>)
2019-05-24 17:58:14.024: Photo.init(coder: <NSKeyedUnarchiver: 0x61c00010b6d0>)
2019-05-24 17:58:14.024: Photo.init(coder: <NSKeyedUnarchiver: 0x61c00010b6d0>)
2019-05-24 17:58:14.025: Photo.init(coder: <NSKeyedUnarchiver: 0x61c00010b6d0>)
2019-05-24 17:58:14.025: Photo.init(coder: <NSKeyedUnarchiver: 0x61c00010b6d0>)
2019-05-24 17:58:14.026: Photo.init(coder: <NSKeyedUnarchiver: 0x61c00010b6d0>)
2019-05-24 17:58:14.026: Photo.init(coder: <NSKeyedUnarchiver: 0x61c00010b6d0>)
2019-05-24 17:58:14.027: Photo.init(coder: <NSKeyedUnarchiver: 0x61c00010b6d0>)
2019-05-24 17:58:14.027: Photo.init(coder: <NSKeyedUnarchiver: 0x61c00010b6d0>)
2019-05-24 17:58:14.027: Photo.init(coder: <NSKeyedUnarchiver: 0x61c00010b6d0>)
2019-05-24 17:58:14.028: Photo.init(coder: <NSKeyedUnarchiver: 0x61c00010b6d0>)
2019-05-24 17:58:14.028: Photo.init(coder: <NSKeyedUnarchiver: 0x61c00010b6d0>)
2019-05-24 17:58:14.029: Photo.init(coder: <NSKeyedUnarchiver: 0x61c00010b6d0>)
2019-05-24 17:58:14.029: Photo.init(coder: <NSKeyedUnarchiver: 0x61c00010b6d0>)
2019-05-24 17:58:14.030: Photo.init(coder: <NSKeyedUnarchiver: 0x61c00010b6d0>)
2019-05-24 17:58:14.030: Photo.init(coder: <NSKeyedUnarchiver: 0x61c00010b6d0>)
2019-05-24 17:58:14.030: Photo.init(coder: <NSKeyedUnarchiver: 0x61c00010b6d0>)
2019-05-24 17:58:14.031: Photo.init(coder: <NSKeyedUnarchiver: 0x61c00010b6d0>)
2019-05-24 17:58:14.031: Photo.init(coder: <NSKeyedUnarchiver: 0x61c00010b6d0>)
2019-05-24 17:58:14.032: Photo.init(coder: <NSKeyedUnarchiver: 0x61c00010b6d0>)
2019-05-24 17:58:14.032: Photo.init(coder: <NSKeyedUnarchiver: 0x61c00010b6d0>)
2019-05-24 17:58:14.033: Photo.init(coder: <NSKeyedUnarchiver: 0x61c00010b6d0>)
2019-05-24 17:58:14.033: Photo.init(coder: <NSKeyedUnarchiver: 0x61c00010b6d0>)
2019-05-24 17:58:14.034: Photo.init(coder: <NSKeyedUnarchiver: 0x61c00010b6d0>)
2019-05-24 17:58:14.034: Photo.init(coder: <NSKeyedUnarchiver: 0x61c00010b6d0>)
2019-05-24 17:58:14.034: Photo.init(coder: <NSKeyedUnarchiver: 0x61c00010b6d0>)
2019-05-24 17:58:14.035: Photo.init(coder: <NSKeyedUnarchiver: 0x61c00010b6d0>)
2019-05-24 17:58:14.035: Photo.init(coder: <NSKeyedUnarchiver: 0x61c00010b6d0>)
2019-05-24 17:58:14.036: Photo.init(coder: <NSKeyedUnarchiver: 0x61c00010b6d0>)
2019-05-24 17:58:14.036: Photo.init(coder: <NSKeyedUnarchiver: 0x61c00010b6d0>)
2019-05-24 17:58:14.037: Photo.init(coder: <NSKeyedUnarchiver: 0x61c00010b6d0>)
2019-05-24 17:58:14.037: Photo.init(coder: <NSKeyedUnarchiver: 0x61c00010b6d0>)
2019-05-24 17:58:14.037: Photo.init(coder: <NSKeyedUnarchiver: 0x61c00010b6d0>)
2019-05-24 17:58:14.038: Photo.init(coder: <NSKeyedUnarchiver: 0x61c00010b6d0>)
2019-05-24 17:58:14.038: Photo.init(coder: <NSKeyedUnarchiver: 0x61c00010b6d0>)
2019-05-24 17:58:14.039: Photo.init(coder: <NSKeyedUnarchiver: 0x61c00010b6d0>)
2019-05-24 17:58:14.039: Photo.init(coder: <NSKeyedUnarchiver: 0x61c00010b6d0>)
2019-05-24 17:58:14.040: Photo.init(coder: <NSKeyedUnarchiver: 0x61c00010b6d0>)
2019-05-24 17:58:14.040: Photo.init(coder: <NSKeyedUnarchiver: 0x61c00010b6d0>)
2019-05-24 17:58:14.040: Photo.init(coder: <NSKeyedUnarchiver: 0x61c00010b6d0>)
2019-05-24 17:58:14.041: Photo.init(coder: <NSKeyedUnarchiver: 0x61c00010b6d0>)
2019-05-24 17:58:14.041: Photo.init(coder: <NSKeyedUnarchiver: 0x61c00010b6d0>)
2019-05-24 17:58:14.042: Photo.init(coder: <NSKeyedUnarchiver: 0x61c00010b6d0>)
2019-05-24 17:58:14.042: Photo.init(coder: <NSKeyedUnarchiver: 0x61c00010b6d0>)
2019-05-24 17:58:14.043: Photo.init(coder: <NSKeyedUnarchiver: 0x61c00010b6d0>)
2019-05-24 17:58:14.043: Photo.init(coder: <NSKeyedUnarchiver: 0x61c00010b6d0>)
2019-05-24 17:58:14.043: Photo.init(coder: <NSKeyedUnarchiver: 0x61c00010b6d0>)
2019-05-24 17:58:14.044: Photo.init(coder: <NSKeyedUnarchiver: 0x61c00010b6d0>)
2019-05-24 17:58:14.044: Photo.init(coder: <NSKeyedUnarchiver: 0x61c00010b6d0>)
2019-05-24 17:58:14.045: Photo.init(coder: <NSKeyedUnarchiver: 0x61c00010b6d0>)
2019-05-24 17:58:14.045: Photo.init(coder: <NSKeyedUnarchiver: 0x61c00010b6d0>)
2019-05-24 17:58:14.045: Photo.init(coder: <NSKeyedUnarchiver: 0x61c00010b6d0>)
2019-05-24 17:58:14.046: Photo.init(coder: <NSKeyedUnarchiver: 0x61c00010b6d0>)
2019-05-24 17:58:14.046: Photo.init(coder: <NSKeyedUnarchiver: 0x61c00010b6d0>)
2019-05-24 17:58:14.047: Photo.init(coder: <NSKeyedUnarchiver: 0x61c00010b6d0>)
2019-05-24 17:58:14.047: Photo.init(coder: <NSKeyedUnarchiver: 0x61c00010b6d0>)
2019-05-24 17:58:14.048: Photo.init(coder: <NSKeyedUnarchiver: 0x61c00010b6d0>)
2019-05-24 17:58:14.048: Photo.init(coder: <NSKeyedUnarchiver: 0x61c00010b6d0>)
2019-05-24 17:58:14.048: Photo.init(coder: <NSKeyedUnarchiver: 0x61c00010b6d0>)
2019-05-24 17:58:14.049: Photo.init(coder: <NSKeyedUnarchiver: 0x61c00010b6d0>)
2019-05-24 17:58:14.049: Photo.init(coder: <NSKeyedUnarchiver: 0x61c00010b6d0>)
2019-05-24 17:58:14.050: Photo.init(coder: <NSKeyedUnarchiver: 0x61c00010b6d0>)
2019-05-24 17:58:14.050: Photo.init(coder: <NSKeyedUnarchiver: 0x61c00010b6d0>)
2019-05-24 17:58:14.051: Photo.init(coder: <NSKeyedUnarchiver: 0x61c00010b6d0>)
2019-05-24 17:58:14.051: Photo.init(coder: <NSKeyedUnarchiver: 0x61c00010b6d0>)
2019-05-24 17:58:14.051: Photo.init(coder: <NSKeyedUnarchiver: 0x61c00010b6d0>)
2019-05-24 17:58:14.052: Photo.init(coder: <NSKeyedUnarchiver: 0x61c00010b6d0>)
2019-05-24 17:58:14.052: Photo.init(coder: <NSKeyedUnarchiver: 0x61c00010b6d0>)
2019-05-24 17:58:14.053: Photo.init(coder: <NSKeyedUnarchiver: 0x61c00010b6d0>)
2019-05-24 17:58:14.053: Photo.init(coder: <NSKeyedUnarchiver: 0x61c00010b6d0>)
2019-05-24 17:58:14.054: Photo.init(coder: <NSKeyedUnarchiver: 0x61c00010b6d0>)
2019-05-24 17:58:14.054: Photo.init(coder: <NSKeyedUnarchiver: 0x61c00010b6d0>)
2019-05-24 17:58:14.054: Photo.init(coder: <NSKeyedUnarchiver: 0x61c00010b6d0>)
2019-05-24 17:58:14.055: Photo.init(coder: <NSKeyedUnarchiver: 0x61c00010b6d0>)
2019-05-24 17:58:14.055: Photo.init(coder: <NSKeyedUnarchiver: 0x61c00010b6d0>)
2019-05-24 17:58:14.056: Photo.init(coder: <NSKeyedUnarchiver: 0x61c00010b6d0>)
2019-05-24 17:58:14.056: Photo.init(coder: <NSKeyedUnarchiver: 0x61c00010b6d0>)
2019-05-24 17:58:14.056: Photo.init(coder: <NSKeyedUnarchiver: 0x61c00010b6d0>)
2019-05-24 17:58:14.057: Photo.init(coder: <NSKeyedUnarchiver: 0x61c00010b6d0>)
2019-05-24 17:58:14.057: Photo.init(coder: <NSKeyedUnarchiver: 0x61c00010b6d0>)
2019-05-24 17:58:14.058: Photo.init(coder: <NSKeyedUnarchiver: 0x61c00010b6d0>)
2019-05-24 17:58:14.058: Photo.init(coder: <NSKeyedUnarchiver: 0x61c00010b6d0>)
2019-05-24 17:58:14.059: Photo.init(coder: <NSKeyedUnarchiver: 0x61c00010b6d0>)
2019-05-24 17:58:14.059: Photo.init(coder: <NSKeyedUnarchiver: 0x61c00010b6d0>)
2019-05-24 17:58:14.059: Photo.init(coder: <NSKeyedUnarchiver: 0x61c00010b6d0>)
2019-05-24 17:58:14.060: Photo.init(coder: <NSKeyedUnarchiver: 0x61c00010b6d0>)
2019-05-24 17:58:14.060: Photo.init(coder: <NSKeyedUnarchiver: 0x61c00010b6d0>)
2019-05-24 17:58:14.061: Photo.init(coder: <NSKeyedUnarchiver: 0x61c00010b6d0>)
2019-05-24 17:58:14.061: Photo.init(coder: <NSKeyedUnarchiver: 0x61c00010b6d0>)
2019-05-24 17:58:14.062: Photo.init(coder: <NSKeyedUnarchiver: 0x61c00010b6d0>)
2019-05-24 17:58:14.062: Photo.init(coder: <NSKeyedUnarchiver: 0x61c00010b6d0>)
2019-05-24 17:58:14.062: Photo.init(coder: <NSKeyedUnarchiver: 0x61c00010b6d0>)
2019-05-24 17:58:14.063: Photo.init(coder: <NSKeyedUnarchiver: 0x61c00010b6d0>)
2019-05-24 17:58:14.063: Photo.init(coder: <NSKeyedUnarchiver: 0x61c00010b6d0>)
2019-05-24 17:58:14.064: Photo.init(coder: <NSKeyedUnarchiver: 0x61c00010b6d0>)
2019-05-24 17:58:14.064: Photo.init(coder: <NSKeyedUnarchiver: 0x61c00010b6d0>)
2019-05-24 17:58:14.064: Photo.init(coder: <NSKeyedUnarchiver: 0x61c00010b6d0>)
2019-05-24 17:58:14.065: Defaults.object(forKey: photo_data) // retrieved data and returned unarchived object
2019-05-24 17:58:14.066: PhotoController.model(data: 99)
2019-05-24 17:58:14.066: PhotoController.downloadPhotos()
2019-05-24 17:58:14.082: PhotoController.downloadImage(photo: <flickry.Photo: 0x61c0000b2480>) // image file exists, aborting download...
2019-05-24 17:58:14.083: PhotoController.downloadImage(photo: <flickry.Photo: 0x61c0000b25a0>) // image file exists, aborting download...
2019-05-24 17:58:14.083: PhotoController.downloadImage(photo: <flickry.Photo: 0x61c0000b26c0>) // image file exists, aborting download...
2019-05-24 17:58:14.084: PhotoController.downloadImage(photo: <flickry.Photo: 0x61c0000b27e0>) // image file exists, aborting download...
2019-05-24 17:58:14.084: PhotoController.downloadImage(photo: <flickry.Photo: 0x61c0000b2900>) // image file exists, aborting download...
2019-05-24 17:58:14.085: PhotoController.downloadImage(photo: <flickry.Photo: 0x61c0000b2a20>) // image file exists, aborting download...
2019-05-24 17:58:14.086: PhotoController.downloadImage(photo: <flickry.Photo: 0x61c0000b2b40>) // image file exists, aborting download...
2019-05-24 17:58:14.086: PhotoController.downloadImage(photo: <flickry.Photo: 0x61c0000b2c60>) // image file exists, aborting download...
2019-05-24 17:58:14.087: PhotoController.downloadImage(photo: <flickry.Photo: 0x61c0000b2d80>) // image file exists, aborting download...
2019-05-24 17:58:14.087: PhotoController.downloadImage(photo: <flickry.Photo: 0x61c0000b2ea0>) // image file exists, aborting download...
2019-05-24 17:58:14.088: PhotoController.downloadImage(photo: <flickry.Photo: 0x61c0000b2fc0>) // image file exists, aborting download...
2019-05-24 17:58:14.089: PhotoController.downloadImage(photo: <flickry.Photo: 0x61c0000b30e0>) // image file exists, aborting download...
2019-05-24 17:58:14.089: PhotoController.downloadImage(photo: <flickry.Photo: 0x61c0000b3200>) // image file exists, aborting download...
2019-05-24 17:58:14.090: PhotoController.downloadImage(photo: <flickry.Photo: 0x61c0000b3320>) // image file exists, aborting download...
2019-05-24 17:58:14.090: PhotoController.downloadImage(photo: <flickry.Photo: 0x61c0000b3440>) // image file exists, aborting download...
2019-05-24 17:58:14.091: PhotoController.downloadImage(photo: <flickry.Photo: 0x61c0000b3560>) // image file exists, aborting download...
2019-05-24 17:58:14.092: PhotoController.downloadImage(photo: <flickry.Photo: 0x61c0000b3680>) // image file exists, aborting download...
2019-05-24 17:58:14.092: PhotoController.downloadImage(photo: <flickry.Photo: 0x61c0000b37a0>) // image file exists, aborting download...
2019-05-24 17:58:14.093: PhotoController.downloadImage(photo: <flickry.Photo: 0x61c0000b38c0>) // image file exists, aborting download...
2019-05-24 17:58:14.094: PhotoController.downloadImage(photo: <flickry.Photo: 0x61c0000b39e0>) // image file exists, aborting download...
2019-05-24 17:58:14.095: PhotoController.downloadImage(photo: <flickry.Photo: 0x61c0000b3b00>) // image file exists, aborting download...
2019-05-24 17:58:14.096: PhotoController.downloadImage(photo: <flickry.Photo: 0x61c0000b3c20>) // image file exists, aborting download...
2019-05-24 17:58:14.096: PhotoController.downloadImage(photo: <flickry.Photo: 0x61c0000b3d40>) // image file exists, aborting download...
2019-05-24 17:58:14.097: PhotoController.downloadImage(photo: <flickry.Photo: 0x61c0000b3e60>) // image file exists, aborting download...
2019-05-24 17:58:14.098: PhotoController.downloadImage(photo: <flickry.Photo: 0x61c0000b3f80>) // image file exists, aborting download...
2019-05-24 17:58:14.098: PhotoController.downloadImage(photo: <flickry.Photo: 0x61c0000b4100>) // image file exists, aborting download...
2019-05-24 17:58:14.099: PhotoController.downloadImage(photo: <flickry.Photo: 0x61c0000b4220>) // image file exists, aborting download...
2019-05-24 17:58:14.100: PhotoController.downloadImage(photo: <flickry.Photo: 0x61c0000b4340>) // image file exists, aborting download...
2019-05-24 17:58:14.100: PhotoController.downloadImage(photo: <flickry.Photo: 0x61c0000b4460>) // image file exists, aborting download...
2019-05-24 17:58:14.101: PhotoController.downloadImage(photo: <flickry.Photo: 0x61c0000b4580>) // image file exists, aborting download...
2019-05-24 17:58:14.101: PhotoController.downloadImage(photo: <flickry.Photo: 0x61c0000b46a0>) // image file exists, aborting download...
2019-05-24 17:58:14.102: PhotoController.downloadImage(photo: <flickry.Photo: 0x61c0000b47c0>) // image file exists, aborting download...
2019-05-24 17:58:14.103: PhotoController.downloadImage(photo: <flickry.Photo: 0x61c0000b48e0>) // image file exists, aborting download...
2019-05-24 17:58:14.103: PhotoController.downloadImage(photo: <flickry.Photo: 0x61c0000b4a00>) // image file exists, aborting download...
2019-05-24 17:58:14.104: PhotoController.downloadImage(photo: <flickry.Photo: 0x61c0000b4b20>) // image file exists, aborting download...
2019-05-24 17:58:14.104: PhotoController.downloadImage(photo: <flickry.Photo: 0x61c0000b4c40>) // image file exists, aborting download...
2019-05-24 17:58:14.105: PhotoController.downloadImage(photo: <flickry.Photo: 0x61c0000b4d60>) // image file exists, aborting download...
2019-05-24 17:58:14.105: PhotoController.downloadImage(photo: <flickry.Photo: 0x61c0000b4e80>) // image file exists, aborting download...
2019-05-24 17:58:14.106: PhotoController.downloadImage(photo: <flickry.Photo: 0x61c0000b4fa0>) // image file exists, aborting download...
2019-05-24 17:58:14.129: PhotoController.downloadImage(photo: <flickry.Photo: 0x61c0000b50c0>) // image file exists, aborting download...
2019-05-24 17:58:14.130: PhotoController.downloadImage(photo: <flickry.Photo: 0x61c0000b51e0>) // image file exists, aborting download...
2019-05-24 17:58:14.130: PhotoController.downloadImage(photo: <flickry.Photo: 0x61c0000b5300>) // image file exists, aborting download...
2019-05-24 17:58:14.131: PhotoController.downloadImage(photo: <flickry.Photo: 0x61c0000b5420>) // image file exists, aborting download...
2019-05-24 17:58:14.132: PhotoController.downloadImage(photo: <flickry.Photo: 0x61c0000b5540>) // image file exists, aborting download...
2019-05-24 17:58:14.132: PhotoController.downloadImage(photo: <flickry.Photo: 0x61c0000b5660>) // image file exists, aborting download...
2019-05-24 17:58:14.133: PhotoController.downloadImage(photo: <flickry.Photo: 0x61c0000b5780>) // image file exists, aborting download...
2019-05-24 17:58:14.133: PhotoController.downloadImage(photo: <flickry.Photo: 0x61c0000b58a0>) // image file exists, aborting download...
2019-05-24 17:58:14.134: PhotoController.downloadImage(photo: <flickry.Photo: 0x61c0000b59c0>) // image file exists, aborting download...
2019-05-24 17:58:14.135: PhotoController.downloadImage(photo: <flickry.Photo: 0x61c0000b5ae0>) // image file exists, aborting download...
2019-05-24 17:58:14.135: PhotoController.downloadImage(photo: <flickry.Photo: 0x61c0000b5c00>) // image file exists, aborting download...
2019-05-24 17:58:14.136: PhotoController.downloadImage(photo: <flickry.Photo: 0x61c0000b5d20>) // image file exists, aborting download...
2019-05-24 17:58:14.136: PhotoController.downloadImage(photo: <flickry.Photo: 0x61c0000b5e40>) // image file exists, aborting download...
2019-05-24 17:58:14.137: PhotoController.downloadImage(photo: <flickry.Photo: 0x61c0000b5f60>) // image file exists, aborting download...
2019-05-24 17:58:14.138: PhotoController.downloadImage(photo: <flickry.Photo: 0x61c0000b6080>) // image file exists, aborting download...
2019-05-24 17:58:14.138: PhotoController.downloadImage(photo: <flickry.Photo: 0x61c0000b61a0>) // image file exists, aborting download...
2019-05-24 17:58:14.139: PhotoController.downloadImage(photo: <flickry.Photo: 0x61c0000b62c0>) // image file exists, aborting download...
2019-05-24 17:58:14.139: PhotoController.downloadImage(photo: <flickry.Photo: 0x61c0000b63e0>) // image file exists, aborting download...
2019-05-24 17:58:14.140: PhotoController.downloadImage(photo: <flickry.Photo: 0x61c0000b6500>) // image file exists, aborting download...
2019-05-24 17:58:14.141: PhotoController.downloadImage(photo: <flickry.Photo: 0x61c0000b6620>) // image file exists, aborting download...
2019-05-24 17:58:14.141: PhotoController.downloadImage(photo: <flickry.Photo: 0x61c0000b6740>) // image file exists, aborting download...
2019-05-24 17:58:14.142: PhotoController.downloadImage(photo: <flickry.Photo: 0x61c0000b6860>) // image file exists, aborting download...
2019-05-24 17:58:14.143: PhotoController.downloadImage(photo: <flickry.Photo: 0x61c0000b6980>) // image file exists, aborting download...
2019-05-24 17:58:14.143: PhotoController.downloadImage(photo: <flickry.Photo: 0x61c0000b6aa0>) // image file exists, aborting download...
2019-05-24 17:58:14.144: PhotoController.downloadImage(photo: <flickry.Photo: 0x61c0000b6bc0>) // image file exists, aborting download...
2019-05-24 17:58:14.144: PhotoController.downloadImage(photo: <flickry.Photo: 0x61c0000b6ce0>) // image file exists, aborting download...
2019-05-24 17:58:14.145: PhotoController.downloadImage(photo: <flickry.Photo: 0x61c0000b6e00>) // image file exists, aborting download...
2019-05-24 17:58:14.146: PhotoController.downloadImage(photo: <flickry.Photo: 0x61c0000b6f20>) // image file exists, aborting download...
2019-05-24 17:58:14.146: PhotoController.downloadImage(photo: <flickry.Photo: 0x61c0000b7040>) // image file exists, aborting download...
2019-05-24 17:58:14.147: PhotoController.downloadImage(photo: <flickry.Photo: 0x61c0000b71c0>) // image file exists, aborting download...
2019-05-24 17:58:14.148: PhotoController.downloadImage(photo: <flickry.Photo: 0x61c0000b72e0>) // image file exists, aborting download...
2019-05-24 17:58:14.148: PhotoController.downloadImage(photo: <flickry.Photo: 0x61c0000b7400>) // image file exists, aborting download...
2019-05-24 17:58:14.149: PhotoController.downloadImage(photo: <flickry.Photo: 0x61c0000b7520>) // image file exists, aborting download...
2019-05-24 17:58:14.150: PhotoController.downloadImage(photo: <flickry.Photo: 0x61c0000b7640>) // image file exists, aborting download...
2019-05-24 17:58:14.150: PhotoController.downloadImage(photo: <flickry.Photo: 0x61c0000b7760>) // image file exists, aborting download...
2019-05-24 17:58:14.151: PhotoController.downloadImage(photo: <flickry.Photo: 0x61c0000b7880>) // image file exists, aborting download...
2019-05-24 17:58:14.151: PhotoController.downloadImage(photo: <flickry.Photo: 0x61c0000b79a0>) // image file exists, aborting download...
2019-05-24 17:58:14.152: PhotoController.downloadImage(photo: <flickry.Photo: 0x61c0000b7ac0>) // image file exists, aborting download...
2019-05-24 17:58:14.153: PhotoController.downloadImage(photo: <flickry.Photo: 0x61c0000b7c40>) // image file exists, aborting download...
2019-05-24 17:58:14.153: PhotoController.downloadImage(photo: <flickry.Photo: 0x61c0000b7d60>) // image file exists, aborting download...
2019-05-24 17:58:14.154: PhotoController.downloadImage(photo: <flickry.Photo: 0x61c0000b7e80>) // image file exists, aborting download...
2019-05-24 17:58:14.154: PhotoController.downloadImage(photo: <flickry.Photo: 0x61c0000b7fa0>) // image file exists, aborting download...
2019-05-24 17:58:14.155: PhotoController.downloadImage(photo: <flickry.Photo: 0x61c0000b8120>) // image file exists, aborting download...
2019-05-24 17:58:14.156: PhotoController.downloadImage(photo: <flickry.Photo: 0x61c0000b8240>) // image file exists, aborting download...
2019-05-24 17:58:14.156: PhotoController.downloadImage(photo: <flickry.Photo: 0x61c0000b8360>) // image file exists, aborting download...
2019-05-24 17:58:14.157: PhotoController.downloadImage(photo: <flickry.Photo: 0x61c0000b8480>) // image file exists, aborting download...
2019-05-24 17:58:14.157: PhotoController.downloadImage(photo: <flickry.Photo: 0x61c0000b85a0>) // image file exists, aborting download...
2019-05-24 17:58:14.158: PhotoController.downloadImage(photo: <flickry.Photo: 0x61c0000b86c0>) // image file exists, aborting download...
2019-05-24 17:58:14.159: PhotoController.downloadImage(photo: <flickry.Photo: 0x61c0000b87e0>) // image file exists, aborting download...
2019-05-24 17:58:14.159: PhotoController.downloadImage(photo: <flickry.Photo: 0x61c0000b8900>) // image file exists, aborting download...
2019-05-24 17:58:14.160: PhotoController.downloadImage(photo: <flickry.Photo: 0x61c0000b8a20>) // image file exists, aborting download...
2019-05-24 17:58:14.161: PhotoController.downloadImage(photo: <flickry.Photo: 0x61c0000b8b40>) // image file exists, aborting download...
2019-05-24 17:58:14.161: PhotoController.downloadImage(photo: <flickry.Photo: 0x61c0000b8c60>) // image file exists, aborting download...
2019-05-24 17:58:14.162: PhotoController.downloadImage(photo: <flickry.Photo: 0x61c0000b8d80>) // image file exists, aborting download...
2019-05-24 17:58:14.163: PhotoController.downloadImage(photo: <flickry.Photo: 0x61c0000b8ea0>) // image file exists, aborting download...
2019-05-24 17:58:14.163: PhotoController.downloadImage(photo: <flickry.Photo: 0x61c0000b8fc0>) // image file exists, aborting download...
2019-05-24 17:58:14.164: PhotoController.downloadImage(photo: <flickry.Photo: 0x61c0000b90e0>) // image file exists, aborting download...
2019-05-24 17:58:14.164: PhotoController.downloadImage(photo: <flickry.Photo: 0x61c0000b9200>) // image file exists, aborting download...
2019-05-24 17:58:14.165: PhotoController.downloadImage(photo: <flickry.Photo: 0x61c0000b9320>) // image file exists, aborting download...
2019-05-24 17:58:14.166: PhotoController.downloadImage(photo: <flickry.Photo: 0x61c0000b9440>) // image file exists, aborting download...
2019-05-24 17:58:14.171: PhotosView.awakeFromNib()
2019-05-24 17:58:14.183: MainView.viewDidLoad()
2019-05-24 17:58:14.226: PhotosView.viewDidLoad()
2019-05-24 17:58:14.228: PhotosView.updateContent()
2019-05-24 17:58:14.229: PhotosView.updateLayout(animated: false)
2019-05-24 17:58:14.243: PhotosView.collectionView(cellForRowAtIndexPath: [0, 0])
2019-05-24 17:58:14.244: PhotoCell.awakeFromNib()
2019-05-24 17:58:14.264: PhotosView.collectionView(cellForRowAtIndexPath: [0, 1])
2019-05-24 17:58:14.265: PhotoCell.awakeFromNib()
2019-05-24 17:58:14.267: PhotosView.collectionView(cellForRowAtIndexPath: [0, 2])
2019-05-24 17:58:14.268: PhotoCell.awakeFromNib()
2019-05-24 17:58:14.269: PhotosView.collectionView(cellForRowAtIndexPath: [0, 3])
2019-05-24 17:58:14.270: PhotoCell.awakeFromNib()
2019-05-24 17:58:14.272: PhotosView.collectionView(cellForRowAtIndexPath: [0, 4])
2019-05-24 17:58:14.272: PhotoCell.awakeFromNib()
2019-05-24 17:58:14.274: PhotosView.collectionView(cellForRowAtIndexPath: [0, 5])
2019-05-24 17:58:14.274: PhotoCell.awakeFromNib()
2019-05-24 17:58:14.277: PhotosView.collectionView(cellForRowAtIndexPath: [0, 6])
2019-05-24 17:58:14.277: PhotoCell.awakeFromNib()
2019-05-24 17:58:14.279: PhotosView.collectionView(cellForRowAtIndexPath: [0, 7])
2019-05-24 17:58:14.279: PhotoCell.awakeFromNib()
2019-05-24 17:58:14.281: PhotosView.collectionView(cellForRowAtIndexPath: [0, 8])
2019-05-24 17:58:14.282: PhotoCell.awakeFromNib()
2019-05-24 17:58:14.284: PhotosView.collectionView(cellForRowAtIndexPath: [0, 9])
2019-05-24 17:58:14.284: PhotoCell.awakeFromNib()
2019-05-24 17:58:14.286: PhotosView.collectionView(cellForRowAtIndexPath: [0, 10])
2019-05-24 17:58:14.286: PhotoCell.awakeFromNib()
2019-05-24 17:58:14.288: PhotosView.collectionView(cellForRowAtIndexPath: [0, 11])
2019-05-24 17:58:14.288: PhotoCell.awakeFromNib()
2019-05-24 17:58:14.290: PhotosView.collectionView(cellForRowAtIndexPath: [0, 12])
2019-05-24 17:58:14.291: PhotoCell.awakeFromNib()
2019-05-24 17:58:14.293: PhotosView.collectionView(cellForRowAtIndexPath: [0, 13])
2019-05-24 17:58:14.293: PhotoCell.awakeFromNib()
2019-05-24 17:58:14.295: PhotosView.collectionView(cellForRowAtIndexPath: [0, 14])
2019-05-24 17:58:14.295: PhotoCell.awakeFromNib()
2019-05-24 17:58:14.297: PhotosView.collectionView(cellForRowAtIndexPath: [0, 15])
2019-05-24 17:58:14.297: PhotoCell.awakeFromNib()
2019-05-24 17:58:14.299: PhotosView.collectionView(cellForRowAtIndexPath: [0, 16])
2019-05-24 17:58:14.300: PhotoCell.awakeFromNib()
2019-05-24 17:58:14.301: PhotosView.collectionView(cellForRowAtIndexPath: [0, 17])
2019-05-24 17:58:14.302: PhotoCell.awakeFromNib()
2019-05-24 17:58:14.304: PhotosView.collectionView(cellForRowAtIndexPath: [0, 18])
2019-05-24 17:58:14.305: PhotoCell.awakeFromNib()
2019-05-24 17:58:14.306: PhotosView.collectionView(cellForRowAtIndexPath: [0, 19])
2019-05-24 17:58:14.307: PhotoCell.awakeFromNib()
2019-05-24 17:58:14.309: PhotosView.collectionView(cellForRowAtIndexPath: [0, 20])
2019-05-24 17:58:14.310: PhotoCell.awakeFromNib()
2019-05-24 17:58:14.311: PhotosView.collectionView(cellForRowAtIndexPath: [0, 21])
2019-05-24 17:58:14.312: PhotoCell.awakeFromNib()
2019-05-24 17:58:14.313: PhotosView.collectionView(cellForRowAtIndexPath: [0, 22])
2019-05-24 17:58:14.314: PhotoCell.awakeFromNib()
2019-05-24 17:58:14.316: PhotosView.collectionView(cellForRowAtIndexPath: [0, 23])
2019-05-24 17:58:14.316: PhotoCell.awakeFromNib()
2019-05-24 17:58:14.318: PhotosView.collectionView(cellForRowAtIndexPath: [0, 24])
2019-05-24 17:58:14.319: PhotoCell.awakeFromNib()
2019-05-24 17:58:14.320: PhotosView.collectionView(cellForRowAtIndexPath: [0, 25])
2019-05-24 17:58:14.321: PhotoCell.awakeFromNib()
2019-05-24 17:58:14.322: PhotosView.collectionView(cellForRowAtIndexPath: [0, 26])
2019-05-24 17:58:14.323: PhotoCell.awakeFromNib()
2019-05-24 17:58:14.325: PhotosView.collectionView(cellForRowAtIndexPath: [0, 27])
2019-05-24 17:58:14.326: PhotoCell.awakeFromNib()
2019-05-24 17:58:14.386: AppDelegate.applicationDidBecomeActive()

// Select a Thumbnail

2019-05-24 17:58:47.752: PhotosView.collectionView(didSelectItemAtIndexPath: [0, 16])
2019-05-24 17:58:47.753: Cursor.init()
2019-05-24 17:58:47.754: PhotoView.awakeFromNib()
2019-05-24 17:58:47.757: PhotoView.viewDidLoad()
2019-05-24 17:58:48.380: PhotoView.updateContent() // have object at cursor | have remote URL: https:/live.staticflickr.com/65535/47859934092_d0e264a21e_b.jpg
2019-05-24 17:58:48.381: PhotoView.updateLayout(animated: false)

